[debug] [2021-08-12T07:40:50.902Z] ----------------------------------------------------------------------
[debug] [2021-08-12T07:40:50.904Z] Command:       D:\Program\Node\node.exe C:\Users\vista\AppData\Roaming\npm\node_modules\firebase-tools\lib\bin\firebase.js init
[debug] [2021-08-12T07:40:50.905Z] CLI Version:   9.16.0
[debug] [2021-08-12T07:40:50.905Z] Platform:      win32
[debug] [2021-08-12T07:40:50.905Z] Node Version:  v12.16.2
[debug] [2021-08-12T07:40:50.906Z] Time:          Thu Aug 12 2021 14:40:50 GMT+0700 (Indochina Time)
[debug] [2021-08-12T07:40:50.906Z] ----------------------------------------------------------------------
[debug] 
[debug] [2021-08-12T07:40:50.968Z] > command requires scopes: ["email","openid","https://www.googleapis.com/auth/cloudplatformprojects.readonly","https://www.googleapis.com/auth/firebase","https://www.googleapis.com/auth/cloud-platform"]
[debug] [2021-08-12T07:40:50.969Z] > authorizing via signed-in user (ikstruonghongthuan@gmail.com)
[info] 
     ######## #### ########  ######## ########     ###     ######  ########
     ##        ##  ##     ## ##       ##     ##  ##   ##  ##       ##
     ######    ##  ########  ######   ########  #########  ######  ######
     ##        ##  ##    ##  ##       ##     ## ##     ##       ## ##
     ##       #### ##     ## ######## ########  ##     ##  ######  ########

You're about to initialize a Firebase project in this directory:

  C:\Users\vista\OneDrive\Desktop\My-Project\ReactApp\netflix

Before we get started, keep in mind:

  * You are initializing within an existing Firebase project directory

[info] 
=== Project Setup
[info] 
[info] First, let's associate this project directory with a Firebase project.
[info] You can create multiple project aliases by running firebase use --add, 
[info] but for now we'll just set up a default project.
[info] 
[info] i  .firebaserc already has a default project, using react-netflix-movie-app-design. 
[debug] [2021-08-12T07:40:59.882Z] > refreshing access token with scopes: []
[debug] [2021-08-12T07:40:59.883Z] >>> HTTP REQUEST POST https://www.googleapis.com/oauth2/v3/token  
 <request body omitted>
[debug] [2021-08-12T07:41:00.159Z] <<< HTTP RESPONSE 200 {"expires":"Mon, 01 Jan 1990 00:00:00 GMT","pragma":"no-cache","cache-control":"no-cache, no-store, max-age=0, must-revalidate","date":"Thu, 12 Aug 2021 07:41:08 GMT","content-type":"application/json; charset=utf-8","vary":"X-Origin, Referer, Origin,Accept-Encoding","server":"scaffolding on HTTPServer2","x-xss-protection":"0","x-frame-options":"SAMEORIGIN","x-content-type-options":"nosniff","alt-svc":"h3=\":443\"; ma=2592000,h3-29=\":443\"; ma=2592000,h3-T051=\":443\"; ma=2592000,h3-Q050=\":443\"; ma=2592000,h3-Q046=\":443\"; ma=2592000,h3-Q043=\":443\"; ma=2592000,quic=\":443\"; ma=2592000; v=\"46,43\"","accept-ranges":"none","transfer-encoding":"chunked"}
[debug] [2021-08-12T07:41:00.195Z] >>> [apiv2][query] GET https://firebase.googleapis.com/v1beta1/projects/react-netflix-movie-app-design [none]
[debug] [2021-08-12T07:41:00.718Z] <<< [apiv2][status] GET https://firebase.googleapis.com/v1beta1/projects/react-netflix-movie-app-design 200
[debug] [2021-08-12T07:41:00.719Z] <<< [apiv2][body] GET https://firebase.googleapis.com/v1beta1/projects/react-netflix-movie-app-design {"projectId":"react-netflix-movie-app-design","projectNumber":"979286959578","displayName":"React Netflix Movie App Design","name":"projects/react-netflix-movie-app-design","resources":{"hostingSite":"react-netflix-movie-app-design"},"state":"ACTIVE"}
[info] 
=== Hosting Setup
[info] 
[info] Your public directory is the folder (relative to your project directory) that
[info] will contain Hosting assets to be uploaded with firebase deploy. If you
[info] have a build process for your assets, use your build's output directory.
[info] 
[debug] [2021-08-12T07:41:16.910Z] >>> [apiv2][query] GET https://www.gstatic.com/firebasejs/releases.json [none]
[debug] [2021-08-12T07:41:17.069Z] <<< [apiv2][status] GET https://www.gstatic.com/firebasejs/releases.json 200
[debug] [2021-08-12T07:41:17.069Z] <<< [apiv2][body] GET https://www.gstatic.com/firebasejs/releases.json {"current":{"version":"8.9.1","browserURL":"https://www.gstatic.com/firebasejs/8.9.1/firebase.js","packageURL":"https://www.gstatic.com/firebasejs/8.9.1/firebase.tgz"},"live":{"version":"8.9","browserURL":"https://www.gstatic.com/firebasejs/live/8.9/firebase.js","packageURL":"https://www.gstatic.com/firebasejs/live/8.9/firebase.tgz"},"components":{"analytics":"https://www.gstatic.com/firebasejs/8.9.1/firebase-analytics.js","app":"https://www.gstatic.com/firebasejs/8.9.1/firebase-app.js","app-check":"https://www.gstatic.com/firebasejs/8.9.1/firebase-app-check.js","auth":"https://www.gstatic.com/firebasejs/8.9.1/firebase-auth.js","database":"https://www.gstatic.com/firebasejs/8.9.1/firebase-database.js","firestore":"https://www.gstatic.com/firebasejs/8.9.1/firebase-firestore.js","functions":"https://www.gstatic.com/firebasejs/8.9.1/firebase-functions.js","installations":"https://www.gstatic.com/firebasejs/8.9.1/firebase-installations.js","messaging":"https://www.gstatic.com/firebasejs/8.9.1/firebase-messaging.js","storage":"https://www.gstatic.com/firebasejs/8.9.1/firebase-storage.js","performance":"https://www.gstatic.com/firebasejs/8.9.1/firebase-performance.js","remote-config":"https://www.gstatic.com/firebasejs/8.9.1/firebase-remote-config.js","firestore.memory":"https://www.gstatic.com/firebasejs/8.9.1/firebase-firestore.memory.js"}}
[info] i  Skipping write of build/index.html 
[info] 
[info] i  Detected a .git folder at C:\Users\vista\OneDrive\Desktop\My-Project\ReactApp\netflix 
[info] i  Authorizing with GitHub to upload your service account to a GitHub repository's secrets store. 
[info] 
[info] Visit this URL on this device to log in:
[info] https://github.com/login/oauth/authorize?client_id=89cf50f02ac6aaed3484&state=944840835&redirect_uri=http%3A%2F%2Flocalhost%3A9005&scope=read%3Auser%20repo%20public_repo
[info] 
[info] Waiting for authentication...
[debug] [2021-08-12T07:41:27.412Z] >>> HTTP REQUEST POST https://github.com/login/oauth/access_token  
 {"client_id":"89cf50f02ac6aaed3484","client_secret":"3330d14abc895d9a74d5f17cd7a00711fa2c5bf0","code":"cd6f2cc331af4b826242","redirect_uri":"http://localhost:9005","state":"944840835"}
[debug] [2021-08-12T07:41:27.885Z] <<< HTTP RESPONSE 200 {"server":"GitHub.com","date":"Thu, 12 Aug 2021 07:41:35 GMT","content-type":"application/json; charset=utf-8","transfer-encoding":"chunked","vary":"X-PJAX, Accept-Encoding, Accept, X-Requested-With","permissions-policy":"interest-cohort=()","etag":"W/\"5d1698a715d87c810d83f50312916cf4\"","cache-control":"max-age=0, private, must-revalidate","strict-transport-security":"max-age=31536000; includeSubdomains; preload","x-frame-options":"deny","x-content-type-options":"nosniff","x-xss-protection":"0","referrer-policy":"origin-when-cross-origin, strict-origin-when-cross-origin","expect-ct":"max-age=2592000, report-uri=\"https://api.github.com/_private/browser/errors\"","content-security-policy":"default-src 'none'; base-uri 'self'; block-all-mixed-content; connect-src 'self' uploads.github.com www.githubstatus.com collector.githubapp.com api.github.com github-cloud.s3.amazonaws.com github-production-repository-file-5c1aeb.s3.amazonaws.com github-production-upload-manifest-file-7fdce7.s3.amazonaws.com github-production-user-asset-6210df.s3.amazonaws.com cdn.optimizely.com logx.optimizely.com/v1/events translator.github.com wss://alive.github.com; font-src github.githubassets.com; form-action 'self' github.com gist.github.com; frame-ancestors 'none'; frame-src render.githubusercontent.com render-temp.githubusercontent.com viewscreen.githubusercontent.com; img-src 'self' data: github.githubassets.com identicons.github.com collector.githubapp.com github-cloud.s3.amazonaws.com secured-user-images.githubusercontent.com/ *.githubusercontent.com; manifest-src 'self'; media-src 'none'; script-src github.githubassets.com; style-src 'unsafe-inline' github.githubassets.com; worker-src github.com/socket-worker-3f088aa2.js gist.github.com/socket-worker-3f088aa2.js","x-github-request-id":"D99F:5AC1:31D2D0:3E52FC:6114D0AF"}
[debug] [2021-08-12T07:41:27.907Z] >>> [apiv2][query] GET https://api.github.com/user [none]
[debug] [2021-08-12T07:41:28.825Z] <<< [apiv2][status] GET https://api.github.com/user 200
[debug] [2021-08-12T07:41:28.826Z] <<< [apiv2][body] GET https://api.github.com/user {"login":"ikstruonghongthuan","id":57209907,"node_id":"MDQ6VXNlcjU3MjA5OTA3","avatar_url":"https://avatars.githubusercontent.com/u/57209907?v=4","gravatar_id":"","url":"https://api.github.com/users/ikstruonghongthuan","html_url":"https://github.com/ikstruonghongthuan","followers_url":"https://api.github.com/users/ikstruonghongthuan/followers","following_url":"https://api.github.com/users/ikstruonghongthuan/following{/other_user}","gists_url":"https://api.github.com/users/ikstruonghongthuan/gists{/gist_id}","starred_url":"https://api.github.com/users/ikstruonghongthuan/starred{/owner}{/repo}","subscriptions_url":"https://api.github.com/users/ikstruonghongthuan/subscriptions","organizations_url":"https://api.github.com/users/ikstruonghongthuan/orgs","repos_url":"https://api.github.com/users/ikstruonghongthuan/repos","events_url":"https://api.github.com/users/ikstruonghongthuan/events{/privacy}","received_events_url":"https://api.github.com/users/ikstruonghongthuan/received_events","type":"User","site_admin":false,"name":null,"company":null,"blog":"","location":null,"email":null,"hireable":null,"bio":null,"twitter_username":null,"public_repos":1,"public_gists":0,"followers":0,"following":0,"created_at":"2019-10-31T06:28:28Z","updated_at":"2021-08-11T08:38:28Z","private_gists":0,"total_private_repos":3,"owned_private_repos":3,"disk_usage":37160,"collaborators":0,"two_factor_authentication":false,"plan":{"name":"free","space":976562499,"collaborators":0,"private_repos":10000}}
[info] 
[info] +  Success! Logged into GitHub as ikstruonghongthuan 
[info] 
